{"code-call-identity":"","component":"","name-id":"","date":"2022-02-04 00:27:09.920","severity":"[INFO]","class":"ThreadPoolTaskExecutor:[218]","message":"Shutting down ExecutorService 'applicationTaskExecutor'"}
{"code-call-identity":"","component":"","name-id":"","date":"2022-02-04 00:27:10.223","severity":"[INFO]","class":"LocalContainerEntityManagerFactoryBean:[651]","message":"Closing JPA EntityManagerFactory for persistence unit 'mysql'"}
{"code-call-identity":"","component":"","name-id":"","date":"2022-02-04 00:27:10.317","severity":"[INFO]","class":"    HikariDataSource:[350]","message":"mysql-operating-credit-pools - Shutdown initiated..."}
{"code-call-identity":"","component":"","name-id":"","date":"2022-02-04 00:27:10.330","severity":"[INFO]","class":"    HikariDataSource:[352]","message":"mysql-operating-credit-pools - Shutdown completed."}
{"code-call-identity":"","component":"","name-id":"","date":"2022-02-04 00:28:31.607","severity":"[INFO]","class":"     AuthApplication:[55]","message":"Starting AuthApplication using Java 11.0.13 on Horus with PID 12884 (D:\\Horus - Datos\\Documentos\\Kardex - Prueba Uno Systems\\Backend\\Modules\\Authentication_Registry\\auth-kardex-hulk-store\\target\\classes started by Horus in D:\\Horus - Datos\\Documentos\\Kardex - Prueba Uno Systems\\Backend\\Modules\\Authentication_Registry\\auth-kardex-hulk-store)"}
{"code-call-identity":"","component":"","name-id":"","date":"2022-02-04 00:28:31.648","severity":"[INFO]","class":"     AuthApplication:[660]","message":"No active profile set, falling back to default profiles: default"}
{"code-call-identity":"","component":"","name-id":"","date":"2022-02-04 00:28:33.185","severity":"[INFO]","class":"RepositoryConfigurationDelegate:[128]","message":"Bootstrapping Spring Data JPA repositories in DEFAULT mode."}
{"code-call-identity":"","component":"","name-id":"","date":"2022-02-04 00:28:33.279","severity":"[INFO]","class":"RepositoryConfigurationDelegate:[188]","message":"Finished Spring Data repository scanning in 75 ms. Found 2 JPA repository interfaces."}
{"code-call-identity":"","component":"","name-id":"","date":"2022-02-04 00:28:35.162","severity":"[INFO]","class":"     TomcatWebServer:[108]","message":"Tomcat initialized with port(s): 8083 (http)"}
{"code-call-identity":"","component":"","name-id":"","date":"2022-02-04 00:28:35.185","severity":"[INFO]","class":"     StandardService:[173]","message":"Starting service [Tomcat]"}
{"code-call-identity":"","component":"","name-id":"","date":"2022-02-04 00:28:35.186","severity":"[INFO]","class":"      StandardEngine:[173]","message":"Starting Servlet engine: [Apache Tomcat/9.0.43]"}
{"code-call-identity":"","component":"","name-id":"","date":"2022-02-04 00:28:35.407","severity":"[INFO]","class":"                 [/]:[173]","message":"Initializing Spring embedded WebApplicationContext"}
{"code-call-identity":"","component":"","name-id":"","date":"2022-02-04 00:28:35.409","severity":"[INFO]","class":"ServletWebServerApplicationContext:[289]","message":"Root WebApplicationContext: initialization completed in 3641 ms"}
{"code-call-identity":"","component":"","name-id":"","date":"2022-02-04 00:28:35.570","severity":"[INFO]","class":"    HikariDataSource:[80]","message":"mysql-operating-credit-pools - Starting..."}
{"code-call-identity":"","component":"","name-id":"","date":"2022-02-04 00:28:36.420","severity":"[INFO]","class":"    HikariDataSource:[82]","message":"mysql-operating-credit-pools - Start completed."}
{"code-call-identity":"","component":"","name-id":"","date":"2022-02-04 00:28:36.614","severity":"[INFO]","class":"           LogHelper:[31]","message":"HHH000204: Processing PersistenceUnitInfo [name: mysql]"}
{"code-call-identity":"","component":"","name-id":"","date":"2022-02-04 00:28:36.721","severity":"[INFO]","class":"             Version:[44]","message":"HHH000412: Hibernate ORM core version 5.4.28.Final"}
{"code-call-identity":"","component":"","name-id":"","date":"2022-02-04 00:28:37.031","severity":"[INFO]","class":"             Version:[56]","message":"HCANN000001: Hibernate Commons Annotations {5.1.2.Final}"}
{"code-call-identity":"","component":"","name-id":"","date":"2022-02-04 00:28:37.438","severity":"[INFO]","class":"             Dialect:[175]","message":"HHH000400: Using dialect: org.hibernate.dialect.MySQL5InnoDBDialect"}
{"code-call-identity":"","component":"","name-id":"","date":"2022-02-04 00:28:38.825","severity":"[INFO]","class":"JtaPlatformInitiator:[52]","message":"HHH000490: Using JtaPlatform implementation: [org.hibernate.engine.transaction.jta.platform.internal.NoJtaPlatform]"}
{"code-call-identity":"","component":"","name-id":"","date":"2022-02-04 00:28:38.841","severity":"[INFO]","class":"LocalContainerEntityManagerFactoryBean:[437]","message":"Initialized JPA EntityManagerFactory for persistence unit 'mysql'"}
{"code-call-identity":"","component":"","name-id":"","date":"2022-02-04 00:28:40.439","severity":"[INFO]","class":"PropertySourcedRequestMappingHandlerMapping:[69]","message":"Mapped URL path [/v2/api-docs] onto method [springfox.documentation.swagger2.web.Swagger2Controller#getDocumentation(String, HttpServletRequest)]"}
{"code-call-identity":"","component":"","name-id":"","date":"2022-02-04 00:28:40.615","severity":"[INFO]","class":"ThreadPoolTaskExecutor:[181]","message":"Initializing ExecutorService 'applicationTaskExecutor'"}
{"code-call-identity":"","component":"","name-id":"","date":"2022-02-04 00:28:41.757","severity":"[INFO]","class":"     TomcatWebServer:[220]","message":"Tomcat started on port(s): 8083 (http) with context path ''"}
{"code-call-identity":"","component":"","name-id":"","date":"2022-02-04 00:28:41.761","severity":"[INFO]","class":"DocumentationPluginsBootstrapper:[160]","message":"Context refreshed"}
{"code-call-identity":"","component":"","name-id":"","date":"2022-02-04 00:28:41.808","severity":"[INFO]","class":"DocumentationPluginsBootstrapper:[163]","message":"Found 1 custom documentation plugin(s)"}
{"code-call-identity":"","component":"","name-id":"","date":"2022-02-04 00:28:41.860","severity":"[INFO]","class":"ApiListingReferenceScanner:[41]","message":"Scanning for api listing references"}
{"code-call-identity":"","component":"","name-id":"","date":"2022-02-04 00:28:41.889","severity":"[INFO]","class":"     AuthApplication:[28]","message":"------------------------------------------------"}
{"code-call-identity":"","component":"","name-id":"","date":"2022-02-04 00:28:41.890","severity":"[INFO]","class":"     AuthApplication:[29]","message":"auth-kardex-hulk-store Aplicaci贸n iniciada"}
{"code-call-identity":"","component":"","name-id":"","date":"2022-02-04 00:28:41.891","severity":"[INFO]","class":"     AuthApplication:[30]","message":"Puerto: 8083"}
{"code-call-identity":"","component":"","name-id":"","date":"2022-02-04 00:28:41.892","severity":"[INFO]","class":"     AuthApplication:[31]","message":"Versi贸n: v1.0.0"}
{"code-call-identity":"","component":"","name-id":"","date":"2022-02-04 00:28:41.893","severity":"[INFO]","class":"     AuthApplication:[32]","message":"Lanzamiento [OK]"}
{"code-call-identity":"","component":"","name-id":"","date":"2022-02-04 00:28:41.896","severity":"[INFO]","class":"     AuthApplication:[33]","message":"------------------------------------------------"}
{"code-call-identity":"","component":"","name-id":"","date":"2022-02-04 00:28:41.906","severity":"[INFO]","class":"     AuthApplication:[61]","message":"Started AuthApplication in 12.006 seconds (JVM running for 13.724)"}
{"code-call-identity":"","component":"","name-id":"","date":"2022-02-04 00:29:40.239","severity":"[INFO]","class":"     Http11Processor:[175]","message":"Error parsing HTTP request header\n Note: further occurrences of HTTP request parsing errors will be logged at DEBUG level."}
{"code-call-identity":"","component":"","name-id":"","date":"2022-02-04 00:32:43.050","severity":"[INFO]","class":"ThreadPoolTaskExecutor:[218]","message":"Shutting down ExecutorService 'applicationTaskExecutor'"}
{"code-call-identity":"","component":"","name-id":"","date":"2022-02-04 00:32:43.625","severity":"[INFO]","class":"LocalContainerEntityManagerFactoryBean:[651]","message":"Closing JPA EntityManagerFactory for persistence unit 'mysql'"}
{"code-call-identity":"","component":"","name-id":"","date":"2022-02-04 00:32:43.648","severity":"[INFO]","class":"    HikariDataSource:[350]","message":"mysql-operating-credit-pools - Shutdown initiated..."}
{"code-call-identity":"","component":"","name-id":"","date":"2022-02-04 00:32:43.658","severity":"[INFO]","class":"    HikariDataSource:[352]","message":"mysql-operating-credit-pools - Shutdown completed."}
{"code-call-identity":"","component":"","name-id":"","date":"2022-02-04 00:34:54.991","severity":"[INFO]","class":"     AuthApplication:[55]","message":"Starting AuthApplication using Java 11.0.13 on Horus with PID 2696 (D:\\Horus - Datos\\Documentos\\Kardex - Prueba Uno Systems\\Backend\\Modules\\Authentication_Registry\\auth-kardex-hulk-store\\target\\classes started by Horus in D:\\Horus - Datos\\Documentos\\Kardex - Prueba Uno Systems\\Backend\\Modules\\Authentication_Registry\\auth-kardex-hulk-store)"}
{"code-call-identity":"","component":"","name-id":"","date":"2022-02-04 00:34:55.015","severity":"[INFO]","class":"     AuthApplication:[660]","message":"No active profile set, falling back to default profiles: default"}
{"code-call-identity":"","component":"","name-id":"","date":"2022-02-04 00:34:56.698","severity":"[INFO]","class":"RepositoryConfigurationDelegate:[128]","message":"Bootstrapping Spring Data JPA repositories in DEFAULT mode."}
{"code-call-identity":"","component":"","name-id":"","date":"2022-02-04 00:34:58.831","severity":"[INFO]","class":"RepositoryConfigurationDelegate:[188]","message":"Finished Spring Data repository scanning in 2113 ms. Found 2 JPA repository interfaces."}
{"code-call-identity":"","component":"","name-id":"","date":"2022-02-04 00:35:02.055","severity":"[INFO]","class":"     TomcatWebServer:[108]","message":"Tomcat initialized with port(s): 8083 (http)"}
{"code-call-identity":"","component":"","name-id":"","date":"2022-02-04 00:35:02.177","severity":"[INFO]","class":"     StandardService:[173]","message":"Starting service [Tomcat]"}
{"code-call-identity":"","component":"","name-id":"","date":"2022-02-04 00:35:02.179","severity":"[INFO]","class":"      StandardEngine:[173]","message":"Starting Servlet engine: [Apache Tomcat/9.0.43]"}
{"code-call-identity":"","component":"","name-id":"","date":"2022-02-04 00:35:03.409","severity":"[INFO]","class":"                 [/]:[173]","message":"Initializing Spring embedded WebApplicationContext"}
{"code-call-identity":"","component":"","name-id":"","date":"2022-02-04 00:35:03.411","severity":"[INFO]","class":"ServletWebServerApplicationContext:[289]","message":"Root WebApplicationContext: initialization completed in 8301 ms"}
{"code-call-identity":"","component":"","name-id":"","date":"2022-02-04 00:35:03.788","severity":"[INFO]","class":"    HikariDataSource:[80]","message":"mysql-operating-credit-pools - Starting..."}
{"code-call-identity":"","component":"","name-id":"","date":"2022-02-04 00:35:05.135","severity":"[INFO]","class":"    HikariDataSource:[82]","message":"mysql-operating-credit-pools - Start completed."}
{"code-call-identity":"","component":"","name-id":"","date":"2022-02-04 00:35:05.636","severity":"[INFO]","class":"           LogHelper:[31]","message":"HHH000204: Processing PersistenceUnitInfo [name: mysql]"}
{"code-call-identity":"","component":"","name-id":"","date":"2022-02-04 00:35:06.351","severity":"[INFO]","class":"             Version:[44]","message":"HHH000412: Hibernate ORM core version 5.4.28.Final"}
{"code-call-identity":"","component":"","name-id":"","date":"2022-02-04 00:35:07.501","severity":"[INFO]","class":"             Version:[56]","message":"HCANN000001: Hibernate Commons Annotations {5.1.2.Final}"}
{"code-call-identity":"","component":"","name-id":"","date":"2022-02-04 00:35:08.553","severity":"[INFO]","class":"             Dialect:[175]","message":"HHH000400: Using dialect: org.hibernate.dialect.MySQL5InnoDBDialect"}
{"code-call-identity":"","component":"","name-id":"","date":"2022-02-04 00:35:12.352","severity":"[INFO]","class":"JtaPlatformInitiator:[52]","message":"HHH000490: Using JtaPlatform implementation: [org.hibernate.engine.transaction.jta.platform.internal.NoJtaPlatform]"}
{"code-call-identity":"","component":"","name-id":"","date":"2022-02-04 00:35:12.386","severity":"[INFO]","class":"LocalContainerEntityManagerFactoryBean:[437]","message":"Initialized JPA EntityManagerFactory for persistence unit 'mysql'"}
{"code-call-identity":"","component":"","name-id":"","date":"2022-02-04 00:35:17.738","severity":"[INFO]","class":"PropertySourcedRequestMappingHandlerMapping:[69]","message":"Mapped URL path [/v2/api-docs] onto method [springfox.documentation.swagger2.web.Swagger2Controller#getDocumentation(String, HttpServletRequest)]"}
{"code-call-identity":"","component":"","name-id":"","date":"2022-02-04 00:35:18.187","severity":"[INFO]","class":"ThreadPoolTaskExecutor:[181]","message":"Initializing ExecutorService 'applicationTaskExecutor'"}
{"code-call-identity":"","component":"","name-id":"","date":"2022-02-04 00:35:22.963","severity":"[INFO]","class":"     TomcatWebServer:[220]","message":"Tomcat started on port(s): 8083 (http) with context path ''"}
{"code-call-identity":"","component":"","name-id":"","date":"2022-02-04 00:35:22.967","severity":"[INFO]","class":"DocumentationPluginsBootstrapper:[160]","message":"Context refreshed"}
{"code-call-identity":"","component":"","name-id":"","date":"2022-02-04 00:35:23.073","severity":"[INFO]","class":"DocumentationPluginsBootstrapper:[163]","message":"Found 1 custom documentation plugin(s)"}
{"code-call-identity":"","component":"","name-id":"","date":"2022-02-04 00:35:23.210","severity":"[INFO]","class":"ApiListingReferenceScanner:[41]","message":"Scanning for api listing references"}
{"code-call-identity":"","component":"","name-id":"","date":"2022-02-04 00:35:23.279","severity":"[INFO]","class":"     AuthApplication:[28]","message":"------------------------------------------------"}
{"code-call-identity":"","component":"","name-id":"","date":"2022-02-04 00:35:23.281","severity":"[INFO]","class":"     AuthApplication:[29]","message":"auth-kardex-hulk-store Aplicaci贸n iniciada"}
{"code-call-identity":"","component":"","name-id":"","date":"2022-02-04 00:35:23.284","severity":"[INFO]","class":"     AuthApplication:[30]","message":"Puerto: 8083"}
{"code-call-identity":"","component":"","name-id":"","date":"2022-02-04 00:35:23.285","severity":"[INFO]","class":"     AuthApplication:[31]","message":"Versi贸n: v1.0.0"}
{"code-call-identity":"","component":"","name-id":"","date":"2022-02-04 00:35:23.287","severity":"[INFO]","class":"     AuthApplication:[32]","message":"Lanzamiento [OK]"}
{"code-call-identity":"","component":"","name-id":"","date":"2022-02-04 00:35:23.290","severity":"[INFO]","class":"     AuthApplication:[33]","message":"------------------------------------------------"}
{"code-call-identity":"","component":"","name-id":"","date":"2022-02-04 00:35:23.304","severity":"[INFO]","class":"     AuthApplication:[61]","message":"Started AuthApplication in 30.809 seconds (JVM running for 32.62)"}
{"code-call-identity":"","component":"","name-id":"","date":"2022-02-04 00:36:11.054","severity":"[INFO]","class":"                 [/]:[173]","message":"Initializing Spring DispatcherServlet 'dispatcherServlet'"}
{"code-call-identity":"","component":"","name-id":"","date":"2022-02-04 00:36:11.056","severity":"[INFO]","class":"   DispatcherServlet:[525]","message":"Initializing Servlet 'dispatcherServlet'"}
{"code-call-identity":"","component":"","name-id":"","date":"2022-02-04 00:36:11.060","severity":"[INFO]","class":"   DispatcherServlet:[547]","message":"Completed initialization in 3 ms"}
