{"code-call-identity":"","component":"","name-id":"","date":"2022-02-04 00:00:02.053","severity":"[INFO]","class":"                 [/]:[173]","message":"Initializing Spring DispatcherServlet 'dispatcherServlet'"}
{"code-call-identity":"","component":"","name-id":"","date":"2022-02-04 00:00:02.105","severity":"[INFO]","class":"   DispatcherServlet:[525]","message":"Initializing Servlet 'dispatcherServlet'"}
{"code-call-identity":"","component":"","name-id":"","date":"2022-02-04 00:00:02.108","severity":"[INFO]","class":"   DispatcherServlet:[547]","message":"Completed initialization in 2 ms"}
{"code-call-identity":"","component":"","name-id":"","date":"2022-02-04 00:00:03.867","severity":"[INFO]","class":"AbstractOpenApiResource:[301]","message":"Init duration for springdoc-openapi is: 846 ms"}
{"code-call-identity":"","component":"","name-id":"","date":"2022-02-04 00:15:07.651","severity":"[INFO]","class":"ThreadPoolTaskExecutor:[218]","message":"Shutting down ExecutorService 'applicationTaskExecutor'"}
{"code-call-identity":"","component":"","name-id":"","date":"2022-02-04 00:15:08.221","severity":"[INFO]","class":"LocalContainerEntityManagerFactoryBean:[651]","message":"Closing JPA EntityManagerFactory for persistence unit 'mysql'"}
{"code-call-identity":"","component":"","name-id":"","date":"2022-02-04 00:15:08.287","severity":"[INFO]","class":"    HikariDataSource:[350]","message":"mysql-operating-credit-pools - Shutdown initiated..."}
{"code-call-identity":"","component":"","name-id":"","date":"2022-02-04 00:15:08.297","severity":"[INFO]","class":"    HikariDataSource:[352]","message":"mysql-operating-credit-pools - Shutdown completed."}
{"code-call-identity":"","component":"","name-id":"","date":"2022-02-04 00:15:37.749","severity":"[INFO]","class":"  ProductApplication:[55]","message":"Starting ProductApplication using Java 11.0.13 on Horus with PID 1396 (D:\\Horus - Datos\\Documentos\\Kardex - Prueba Uno Systems\\Backend\\Modules\\Products\\products-kardex-hulk-store\\target\\classes started by Horus in D:\\Horus - Datos\\Documentos\\Kardex - Prueba Uno Systems\\Backend\\Modules\\Products\\products-kardex-hulk-store)"}
{"code-call-identity":"","component":"","name-id":"","date":"2022-02-04 00:15:37.765","severity":"[INFO]","class":"  ProductApplication:[660]","message":"No active profile set, falling back to default profiles: default"}
{"code-call-identity":"","component":"","name-id":"","date":"2022-02-04 00:15:39.561","severity":"[INFO]","class":"RepositoryConfigurationDelegate:[128]","message":"Bootstrapping Spring Data JPA repositories in DEFAULT mode."}
{"code-call-identity":"","component":"","name-id":"","date":"2022-02-04 00:15:39.647","severity":"[INFO]","class":"RepositoryConfigurationDelegate:[188]","message":"Finished Spring Data repository scanning in 70 ms. Found 1 JPA repository interfaces."}
{"code-call-identity":"","component":"","name-id":"","date":"2022-02-04 00:15:41.494","severity":"[INFO]","class":"     TomcatWebServer:[108]","message":"Tomcat initialized with port(s): 8082 (http)"}
{"code-call-identity":"","component":"","name-id":"","date":"2022-02-04 00:15:41.521","severity":"[INFO]","class":"     StandardService:[173]","message":"Starting service [Tomcat]"}
{"code-call-identity":"","component":"","name-id":"","date":"2022-02-04 00:15:41.523","severity":"[INFO]","class":"      StandardEngine:[173]","message":"Starting Servlet engine: [Apache Tomcat/9.0.43]"}
{"code-call-identity":"","component":"","name-id":"","date":"2022-02-04 00:15:41.751","severity":"[INFO]","class":"                 [/]:[173]","message":"Initializing Spring embedded WebApplicationContext"}
{"code-call-identity":"","component":"","name-id":"","date":"2022-02-04 00:15:41.752","severity":"[INFO]","class":"ServletWebServerApplicationContext:[289]","message":"Root WebApplicationContext: initialization completed in 3877 ms"}
{"code-call-identity":"","component":"","name-id":"","date":"2022-02-04 00:15:41.958","severity":"[INFO]","class":"    HikariDataSource:[80]","message":"mysql-operating-credit-pools - Starting..."}
{"code-call-identity":"","component":"","name-id":"","date":"2022-02-04 00:15:42.327","severity":"[INFO]","class":"    HikariDataSource:[82]","message":"mysql-operating-credit-pools - Start completed."}
{"code-call-identity":"","component":"","name-id":"","date":"2022-02-04 00:15:42.582","severity":"[INFO]","class":"           LogHelper:[31]","message":"HHH000204: Processing PersistenceUnitInfo [name: mysql]"}
{"code-call-identity":"","component":"","name-id":"","date":"2022-02-04 00:15:42.695","severity":"[INFO]","class":"             Version:[44]","message":"HHH000412: Hibernate ORM core version 5.4.28.Final"}
{"code-call-identity":"","component":"","name-id":"","date":"2022-02-04 00:15:43.008","severity":"[INFO]","class":"             Version:[56]","message":"HCANN000001: Hibernate Commons Annotations {5.1.2.Final}"}
{"code-call-identity":"","component":"","name-id":"","date":"2022-02-04 00:15:43.399","severity":"[INFO]","class":"             Dialect:[175]","message":"HHH000400: Using dialect: org.hibernate.dialect.MySQL5InnoDBDialect"}
{"code-call-identity":"","component":"","name-id":"","date":"2022-02-04 00:15:44.713","severity":"[INFO]","class":"JtaPlatformInitiator:[52]","message":"HHH000490: Using JtaPlatform implementation: [org.hibernate.engine.transaction.jta.platform.internal.NoJtaPlatform]"}
{"code-call-identity":"","component":"","name-id":"","date":"2022-02-04 00:15:44.729","severity":"[INFO]","class":"LocalContainerEntityManagerFactoryBean:[437]","message":"Initialized JPA EntityManagerFactory for persistence unit 'mysql'"}
{"code-call-identity":"","component":"","name-id":"","date":"2022-02-04 00:15:46.434","severity":"[INFO]","class":"PropertySourcedRequestMappingHandlerMapping:[69]","message":"Mapped URL path [/v2/api-docs] onto method [springfox.documentation.swagger2.web.Swagger2Controller#getDocumentation(String, HttpServletRequest)]"}
{"code-call-identity":"","component":"","name-id":"","date":"2022-02-04 00:15:46.607","severity":"[INFO]","class":"ThreadPoolTaskExecutor:[181]","message":"Initializing ExecutorService 'applicationTaskExecutor'"}
{"code-call-identity":"","component":"","name-id":"","date":"2022-02-04 00:15:48.122","severity":"[INFO]","class":"     TomcatWebServer:[220]","message":"Tomcat started on port(s): 8082 (http) with context path ''"}
{"code-call-identity":"","component":"","name-id":"","date":"2022-02-04 00:15:48.124","severity":"[INFO]","class":"DocumentationPluginsBootstrapper:[160]","message":"Context refreshed"}
{"code-call-identity":"","component":"","name-id":"","date":"2022-02-04 00:15:48.170","severity":"[INFO]","class":"DocumentationPluginsBootstrapper:[163]","message":"Found 1 custom documentation plugin(s)"}
{"code-call-identity":"","component":"","name-id":"","date":"2022-02-04 00:15:48.228","severity":"[INFO]","class":"ApiListingReferenceScanner:[41]","message":"Scanning for api listing references"}
{"code-call-identity":"","component":"","name-id":"","date":"2022-02-04 00:15:48.561","severity":"[INFO]","class":"  ProductApplication:[30]","message":"------------------------------------------------"}
{"code-call-identity":"","component":"","name-id":"","date":"2022-02-04 00:15:48.562","severity":"[INFO]","class":"  ProductApplication:[31]","message":"products-kardex-hulk-store Aplicación iniciada"}
{"code-call-identity":"","component":"","name-id":"","date":"2022-02-04 00:15:48.563","severity":"[INFO]","class":"  ProductApplication:[32]","message":"Puerto: 8082"}
{"code-call-identity":"","component":"","name-id":"","date":"2022-02-04 00:15:48.563","severity":"[INFO]","class":"  ProductApplication:[33]","message":"Versión: v1.0.0"}
{"code-call-identity":"","component":"","name-id":"","date":"2022-02-04 00:15:48.564","severity":"[INFO]","class":"  ProductApplication:[34]","message":"Lanzamiento [OK]"}
{"code-call-identity":"","component":"","name-id":"","date":"2022-02-04 00:15:48.564","severity":"[INFO]","class":"  ProductApplication:[35]","message":"------------------------------------------------"}
{"code-call-identity":"","component":"","name-id":"","date":"2022-02-04 00:15:48.568","severity":"[INFO]","class":"  ProductApplication:[61]","message":"Started ProductApplication in 13.04 seconds (JVM running for 15.145)"}
{"code-call-identity":"","component":"","name-id":"","date":"2022-02-04 00:17:01.049","severity":"[INFO]","class":"                 [/]:[173]","message":"Initializing Spring DispatcherServlet 'dispatcherServlet'"}
{"code-call-identity":"","component":"","name-id":"","date":"2022-02-04 00:17:01.566","severity":"[INFO]","class":"   DispatcherServlet:[525]","message":"Initializing Servlet 'dispatcherServlet'"}
{"code-call-identity":"","component":"","name-id":"","date":"2022-02-04 00:17:01.568","severity":"[INFO]","class":"   DispatcherServlet:[547]","message":"Completed initialization in 2 ms"}
{"code-call-identity":"","component":"","name-id":"","date":"2022-02-04 00:17:02.816","severity":"[INFO]","class":"AbstractOpenApiResource:[301]","message":"Init duration for springdoc-openapi is: 470 ms"}
{"code-call-identity":"","component":"","name-id":"","date":"2022-02-04 00:19:21.568","severity":"[INFO]","class":"ThreadPoolTaskExecutor:[218]","message":"Shutting down ExecutorService 'applicationTaskExecutor'"}
{"code-call-identity":"","component":"","name-id":"","date":"2022-02-04 00:19:21.574","severity":"[INFO]","class":"LocalContainerEntityManagerFactoryBean:[651]","message":"Closing JPA EntityManagerFactory for persistence unit 'mysql'"}
{"code-call-identity":"","component":"","name-id":"","date":"2022-02-04 00:19:21.586","severity":"[INFO]","class":"    HikariDataSource:[350]","message":"mysql-operating-credit-pools - Shutdown initiated..."}
{"code-call-identity":"","component":"","name-id":"","date":"2022-02-04 00:19:21.596","severity":"[INFO]","class":"    HikariDataSource:[352]","message":"mysql-operating-credit-pools - Shutdown completed."}
{"code-call-identity":"","component":"","name-id":"","date":"2022-02-04 00:20:18.598","severity":"[INFO]","class":"  ProductApplication:[55]","message":"Starting ProductApplication using Java 11.0.13 on Horus with PID 10280 (D:\\Horus - Datos\\Documentos\\Kardex - Prueba Uno Systems\\Backend\\Modules\\Products\\products-kardex-hulk-store\\target\\classes started by Horus in D:\\Horus - Datos\\Documentos\\Kardex - Prueba Uno Systems\\Backend\\Modules\\Products\\products-kardex-hulk-store)"}
{"code-call-identity":"","component":"","name-id":"","date":"2022-02-04 00:20:18.826","severity":"[INFO]","class":"  ProductApplication:[660]","message":"No active profile set, falling back to default profiles: default"}
{"code-call-identity":"","component":"","name-id":"","date":"2022-02-04 00:20:20.470","severity":"[INFO]","class":"RepositoryConfigurationDelegate:[128]","message":"Bootstrapping Spring Data JPA repositories in DEFAULT mode."}
{"code-call-identity":"","component":"","name-id":"","date":"2022-02-04 00:20:20.548","severity":"[INFO]","class":"RepositoryConfigurationDelegate:[188]","message":"Finished Spring Data repository scanning in 66 ms. Found 1 JPA repository interfaces."}
{"code-call-identity":"","component":"","name-id":"","date":"2022-02-04 00:20:22.555","severity":"[INFO]","class":"     TomcatWebServer:[108]","message":"Tomcat initialized with port(s): 8082 (http)"}
{"code-call-identity":"","component":"","name-id":"","date":"2022-02-04 00:20:22.611","severity":"[INFO]","class":"     StandardService:[173]","message":"Starting service [Tomcat]"}
{"code-call-identity":"","component":"","name-id":"","date":"2022-02-04 00:20:22.629","severity":"[INFO]","class":"      StandardEngine:[173]","message":"Starting Servlet engine: [Apache Tomcat/9.0.43]"}
{"code-call-identity":"","component":"","name-id":"","date":"2022-02-04 00:20:22.811","severity":"[INFO]","class":"                 [/]:[173]","message":"Initializing Spring embedded WebApplicationContext"}
{"code-call-identity":"","component":"","name-id":"","date":"2022-02-04 00:20:22.812","severity":"[INFO]","class":"ServletWebServerApplicationContext:[289]","message":"Root WebApplicationContext: initialization completed in 3902 ms"}
{"code-call-identity":"","component":"","name-id":"","date":"2022-02-04 00:20:22.952","severity":"[INFO]","class":"    HikariDataSource:[80]","message":"mysql-operating-credit-pools - Starting..."}
{"code-call-identity":"","component":"","name-id":"","date":"2022-02-04 00:20:23.376","severity":"[INFO]","class":"    HikariDataSource:[82]","message":"mysql-operating-credit-pools - Start completed."}
{"code-call-identity":"","component":"","name-id":"","date":"2022-02-04 00:20:23.609","severity":"[INFO]","class":"           LogHelper:[31]","message":"HHH000204: Processing PersistenceUnitInfo [name: mysql]"}
{"code-call-identity":"","component":"","name-id":"","date":"2022-02-04 00:20:23.747","severity":"[INFO]","class":"             Version:[44]","message":"HHH000412: Hibernate ORM core version 5.4.28.Final"}
{"code-call-identity":"","component":"","name-id":"","date":"2022-02-04 00:20:24.043","severity":"[INFO]","class":"             Version:[56]","message":"HCANN000001: Hibernate Commons Annotations {5.1.2.Final}"}
{"code-call-identity":"","component":"","name-id":"","date":"2022-02-04 00:20:24.352","severity":"[INFO]","class":"             Dialect:[175]","message":"HHH000400: Using dialect: org.hibernate.dialect.MySQL5InnoDBDialect"}
{"code-call-identity":"","component":"","name-id":"","date":"2022-02-04 00:20:25.568","severity":"[INFO]","class":"JtaPlatformInitiator:[52]","message":"HHH000490: Using JtaPlatform implementation: [org.hibernate.engine.transaction.jta.platform.internal.NoJtaPlatform]"}
{"code-call-identity":"","component":"","name-id":"","date":"2022-02-04 00:20:25.580","severity":"[INFO]","class":"LocalContainerEntityManagerFactoryBean:[437]","message":"Initialized JPA EntityManagerFactory for persistence unit 'mysql'"}
{"code-call-identity":"","component":"","name-id":"","date":"2022-02-04 00:20:27.233","severity":"[INFO]","class":"PropertySourcedRequestMappingHandlerMapping:[69]","message":"Mapped URL path [/v2/api-docs] onto method [springfox.documentation.swagger2.web.Swagger2Controller#getDocumentation(String, HttpServletRequest)]"}
{"code-call-identity":"","component":"","name-id":"","date":"2022-02-04 00:20:27.363","severity":"[INFO]","class":"ThreadPoolTaskExecutor:[181]","message":"Initializing ExecutorService 'applicationTaskExecutor'"}
{"code-call-identity":"","component":"","name-id":"","date":"2022-02-04 00:20:28.617","severity":"[INFO]","class":"     TomcatWebServer:[220]","message":"Tomcat started on port(s): 8082 (http) with context path ''"}
{"code-call-identity":"","component":"","name-id":"","date":"2022-02-04 00:20:28.620","severity":"[INFO]","class":"DocumentationPluginsBootstrapper:[160]","message":"Context refreshed"}
{"code-call-identity":"","component":"","name-id":"","date":"2022-02-04 00:20:28.711","severity":"[INFO]","class":"DocumentationPluginsBootstrapper:[163]","message":"Found 1 custom documentation plugin(s)"}
{"code-call-identity":"","component":"","name-id":"","date":"2022-02-04 00:20:28.769","severity":"[INFO]","class":"ApiListingReferenceScanner:[41]","message":"Scanning for api listing references"}
{"code-call-identity":"","component":"","name-id":"","date":"2022-02-04 00:20:29.117","severity":"[INFO]","class":"  ProductApplication:[30]","message":"------------------------------------------------"}
{"code-call-identity":"","component":"","name-id":"","date":"2022-02-04 00:20:29.118","severity":"[INFO]","class":"  ProductApplication:[31]","message":"products-kardex-hulk-store Aplicación iniciada"}
{"code-call-identity":"","component":"","name-id":"","date":"2022-02-04 00:20:29.119","severity":"[INFO]","class":"  ProductApplication:[32]","message":"Puerto: 8082"}
{"code-call-identity":"","component":"","name-id":"","date":"2022-02-04 00:20:29.119","severity":"[INFO]","class":"  ProductApplication:[33]","message":"Versión: v1.0.0"}
{"code-call-identity":"","component":"","name-id":"","date":"2022-02-04 00:20:29.120","severity":"[INFO]","class":"  ProductApplication:[34]","message":"Lanzamiento [OK]"}
{"code-call-identity":"","component":"","name-id":"","date":"2022-02-04 00:20:29.120","severity":"[INFO]","class":"  ProductApplication:[35]","message":"------------------------------------------------"}
{"code-call-identity":"","component":"","name-id":"","date":"2022-02-04 00:20:29.125","severity":"[INFO]","class":"  ProductApplication:[61]","message":"Started ProductApplication in 12.598 seconds (JVM running for 14.629)"}
{"code-call-identity":"","component":"","name-id":"","date":"2022-02-04 00:20:41.792","severity":"[INFO]","class":"                 [/]:[173]","message":"Initializing Spring DispatcherServlet 'dispatcherServlet'"}
{"code-call-identity":"","component":"","name-id":"","date":"2022-02-04 00:20:41.892","severity":"[INFO]","class":"   DispatcherServlet:[525]","message":"Initializing Servlet 'dispatcherServlet'"}
{"code-call-identity":"","component":"","name-id":"","date":"2022-02-04 00:20:41.898","severity":"[INFO]","class":"   DispatcherServlet:[547]","message":"Completed initialization in 1 ms"}
{"code-call-identity":"","component":"","name-id":"","date":"2022-02-04 00:20:42.957","severity":"[INFO]","class":"AbstractOpenApiResource:[301]","message":"Init duration for springdoc-openapi is: 472 ms"}
{"code-call-identity":"","component":"","name-id":"","date":"2022-02-04 00:20:58.549","severity":"[ERROR]","class":"       RestConnector:[108]","message":"Exception RestConnector:[I/O error on POST request for \"https://localhost:8083/kardex-api/auth-kardex-hulk-store/v1.0.0/authentication-confirm/confirm\": Unsupported or unrecognized SSL message; nested exception is javax.net.ssl.SSLException: Unsupported or unrecognized SSL message]"}
{"code-call-identity":"","component":"","name-id":"","date":"2022-02-04 00:20:59.140","severity":"[INFO]","class":"ThreadPoolTaskExecutor:[218]","message":"Shutting down ExecutorService 'applicationTaskExecutor'"}
{"code-call-identity":"","component":"","name-id":"","date":"2022-02-04 00:20:59.148","severity":"[INFO]","class":"LocalContainerEntityManagerFactoryBean:[651]","message":"Closing JPA EntityManagerFactory for persistence unit 'mysql'"}
{"code-call-identity":"","component":"","name-id":"","date":"2022-02-04 00:20:59.150","severity":"[INFO]","class":"    HikariDataSource:[350]","message":"mysql-operating-credit-pools - Shutdown initiated..."}
{"code-call-identity":"","component":"","name-id":"","date":"2022-02-04 00:20:59.187","severity":"[INFO]","class":"    HikariDataSource:[352]","message":"mysql-operating-credit-pools - Shutdown completed."}
{"code-call-identity":"","component":"","name-id":"","date":"2022-02-04 00:22:10.832","severity":"[INFO]","class":"  ProductApplication:[55]","message":"Starting ProductApplication using Java 11.0.13 on Horus with PID 5980 (D:\\Horus - Datos\\Documentos\\Kardex - Prueba Uno Systems\\Backend\\Modules\\Products\\products-kardex-hulk-store\\target\\classes started by Horus in D:\\Horus - Datos\\Documentos\\Kardex - Prueba Uno Systems\\Backend\\Modules\\Products\\products-kardex-hulk-store)"}
{"code-call-identity":"","component":"","name-id":"","date":"2022-02-04 00:22:10.846","severity":"[INFO]","class":"  ProductApplication:[660]","message":"No active profile set, falling back to default profiles: default"}
{"code-call-identity":"","component":"","name-id":"","date":"2022-02-04 00:22:12.407","severity":"[INFO]","class":"RepositoryConfigurationDelegate:[128]","message":"Bootstrapping Spring Data JPA repositories in DEFAULT mode."}
{"code-call-identity":"","component":"","name-id":"","date":"2022-02-04 00:22:12.470","severity":"[INFO]","class":"RepositoryConfigurationDelegate:[188]","message":"Finished Spring Data repository scanning in 52 ms. Found 1 JPA repository interfaces."}
{"code-call-identity":"","component":"","name-id":"","date":"2022-02-04 00:22:14.353","severity":"[INFO]","class":"     TomcatWebServer:[108]","message":"Tomcat initialized with port(s): 8082 (http)"}
{"code-call-identity":"","component":"","name-id":"","date":"2022-02-04 00:22:14.370","severity":"[INFO]","class":"     StandardService:[173]","message":"Starting service [Tomcat]"}
{"code-call-identity":"","component":"","name-id":"","date":"2022-02-04 00:22:14.374","severity":"[INFO]","class":"      StandardEngine:[173]","message":"Starting Servlet engine: [Apache Tomcat/9.0.43]"}
{"code-call-identity":"","component":"","name-id":"","date":"2022-02-04 00:22:14.586","severity":"[INFO]","class":"                 [/]:[173]","message":"Initializing Spring embedded WebApplicationContext"}
{"code-call-identity":"","component":"","name-id":"","date":"2022-02-04 00:22:14.588","severity":"[INFO]","class":"ServletWebServerApplicationContext:[289]","message":"Root WebApplicationContext: initialization completed in 3655 ms"}
{"code-call-identity":"","component":"","name-id":"","date":"2022-02-04 00:22:14.729","severity":"[INFO]","class":"    HikariDataSource:[80]","message":"mysql-operating-credit-pools - Starting..."}
{"code-call-identity":"","component":"","name-id":"","date":"2022-02-04 00:22:15.105","severity":"[INFO]","class":"    HikariDataSource:[82]","message":"mysql-operating-credit-pools - Start completed."}
{"code-call-identity":"","component":"","name-id":"","date":"2022-02-04 00:22:15.350","severity":"[INFO]","class":"           LogHelper:[31]","message":"HHH000204: Processing PersistenceUnitInfo [name: mysql]"}
{"code-call-identity":"","component":"","name-id":"","date":"2022-02-04 00:22:15.482","severity":"[INFO]","class":"             Version:[44]","message":"HHH000412: Hibernate ORM core version 5.4.28.Final"}
{"code-call-identity":"","component":"","name-id":"","date":"2022-02-04 00:22:15.823","severity":"[INFO]","class":"             Version:[56]","message":"HCANN000001: Hibernate Commons Annotations {5.1.2.Final}"}
{"code-call-identity":"","component":"","name-id":"","date":"2022-02-04 00:22:16.171","severity":"[INFO]","class":"             Dialect:[175]","message":"HHH000400: Using dialect: org.hibernate.dialect.MySQL5InnoDBDialect"}
{"code-call-identity":"","component":"","name-id":"","date":"2022-02-04 00:22:17.239","severity":"[INFO]","class":"JtaPlatformInitiator:[52]","message":"HHH000490: Using JtaPlatform implementation: [org.hibernate.engine.transaction.jta.platform.internal.NoJtaPlatform]"}
{"code-call-identity":"","component":"","name-id":"","date":"2022-02-04 00:22:17.250","severity":"[INFO]","class":"LocalContainerEntityManagerFactoryBean:[437]","message":"Initialized JPA EntityManagerFactory for persistence unit 'mysql'"}
{"code-call-identity":"","component":"","name-id":"","date":"2022-02-04 00:22:19.126","severity":"[INFO]","class":"PropertySourcedRequestMappingHandlerMapping:[69]","message":"Mapped URL path [/v2/api-docs] onto method [springfox.documentation.swagger2.web.Swagger2Controller#getDocumentation(String, HttpServletRequest)]"}
{"code-call-identity":"","component":"","name-id":"","date":"2022-02-04 00:22:19.280","severity":"[INFO]","class":"ThreadPoolTaskExecutor:[181]","message":"Initializing ExecutorService 'applicationTaskExecutor'"}
{"code-call-identity":"","component":"","name-id":"","date":"2022-02-04 00:22:20.588","severity":"[INFO]","class":"     TomcatWebServer:[220]","message":"Tomcat started on port(s): 8082 (http) with context path ''"}
{"code-call-identity":"","component":"","name-id":"","date":"2022-02-04 00:22:20.591","severity":"[INFO]","class":"DocumentationPluginsBootstrapper:[160]","message":"Context refreshed"}
{"code-call-identity":"","component":"","name-id":"","date":"2022-02-04 00:22:20.646","severity":"[INFO]","class":"DocumentationPluginsBootstrapper:[163]","message":"Found 1 custom documentation plugin(s)"}
{"code-call-identity":"","component":"","name-id":"","date":"2022-02-04 00:22:20.721","severity":"[INFO]","class":"ApiListingReferenceScanner:[41]","message":"Scanning for api listing references"}
{"code-call-identity":"","component":"","name-id":"","date":"2022-02-04 00:22:21.082","severity":"[INFO]","class":"  ProductApplication:[30]","message":"------------------------------------------------"}
{"code-call-identity":"","component":"","name-id":"","date":"2022-02-04 00:22:21.083","severity":"[INFO]","class":"  ProductApplication:[31]","message":"products-kardex-hulk-store Aplicación iniciada"}
{"code-call-identity":"","component":"","name-id":"","date":"2022-02-04 00:22:21.084","severity":"[INFO]","class":"  ProductApplication:[32]","message":"Puerto: 8082"}
{"code-call-identity":"","component":"","name-id":"","date":"2022-02-04 00:22:21.085","severity":"[INFO]","class":"  ProductApplication:[33]","message":"Versión: v1.0.0"}
{"code-call-identity":"","component":"","name-id":"","date":"2022-02-04 00:22:21.086","severity":"[INFO]","class":"  ProductApplication:[34]","message":"Lanzamiento [OK]"}
{"code-call-identity":"","component":"","name-id":"","date":"2022-02-04 00:22:21.087","severity":"[INFO]","class":"  ProductApplication:[35]","message":"------------------------------------------------"}
{"code-call-identity":"","component":"","name-id":"","date":"2022-02-04 00:22:21.092","severity":"[INFO]","class":"  ProductApplication:[61]","message":"Started ProductApplication in 12.262 seconds (JVM running for 14.145)"}
{"code-call-identity":"","component":"","name-id":"","date":"2022-02-04 00:23:19.477","severity":"[INFO]","class":"                 [/]:[173]","message":"Initializing Spring DispatcherServlet 'dispatcherServlet'"}
{"code-call-identity":"","component":"","name-id":"","date":"2022-02-04 00:23:19.999","severity":"[INFO]","class":"   DispatcherServlet:[525]","message":"Initializing Servlet 'dispatcherServlet'"}
{"code-call-identity":"","component":"","name-id":"","date":"2022-02-04 00:23:20.002","severity":"[INFO]","class":"   DispatcherServlet:[547]","message":"Completed initialization in 2 ms"}
{"code-call-identity":"","component":"","name-id":"","date":"2022-02-04 00:23:26.541","severity":"[ERROR]","class":"       RestConnector:[108]","message":"Exception RestConnector:[I/O error on POST request for \"https://localhost:8083/kardex-api/auth-kardex-hulk-store/v1.0.0/authentication-confirm/confirm\": Unsupported or unrecognized SSL message; nested exception is javax.net.ssl.SSLException: Unsupported or unrecognized SSL message]"}
{"code-call-identity":"","component":"","name-id":"","date":"2022-02-04 00:23:46.296","severity":"[ERROR]","class":" [dispatcherServlet]:[175]","message":"Servlet.service() for servlet [dispatcherServlet] in context with path [] threw exception [Request processing failed; nested exception is java.lang.NullPointerException] with root cause"}
{"code-call-identity":"","component":"","name-id":"","date":"2022-02-04 00:24:28.145","severity":"[ERROR]","class":"       RestConnector:[108]","message":"Exception RestConnector:[I/O error on POST request for \"https://localhost:8083/kardex-api/auth-kardex-hulk-store/v1.0.0/authentication-confirm/confirm\": Unsupported or unrecognized SSL message; nested exception is javax.net.ssl.SSLException: Unsupported or unrecognized SSL message]"}
{"code-call-identity":"","component":"","name-id":"","date":"2022-02-04 00:25:08.090","severity":"[ERROR]","class":" [dispatcherServlet]:[175]","message":"Servlet.service() for servlet [dispatcherServlet] in context with path [] threw exception [Request processing failed; nested exception is java.lang.NullPointerException] with root cause"}
{"code-call-identity":"","component":"","name-id":"","date":"2022-02-04 00:25:28.936","severity":"[ERROR]","class":"       RestConnector:[108]","message":"Exception RestConnector:[I/O error on POST request for \"https://localhost:8083/kardex-api/auth-kardex-hulk-store/v1.0.0/authentication-confirm/confirm\": Unsupported or unrecognized SSL message; nested exception is javax.net.ssl.SSLException: Unsupported or unrecognized SSL message]"}
{"code-call-identity":"","component":"","name-id":"","date":"2022-02-04 00:25:28.939","severity":"[ERROR]","class":" [dispatcherServlet]:[175]","message":"Servlet.service() for servlet [dispatcherServlet] in context with path [] threw exception [Request processing failed; nested exception is java.lang.NullPointerException] with root cause"}
{"code-call-identity":"","component":"","name-id":"","date":"2022-02-04 00:26:44.455","severity":"[ERROR]","class":"       RestConnector:[108]","message":"Exception RestConnector:[I/O error on POST request for \"https://localhost:8083/kardex-api/auth-kardex-hulk-store/v1.0.0/authentication-confirm/confirm\": Unsupported or unrecognized SSL message; nested exception is javax.net.ssl.SSLException: Unsupported or unrecognized SSL message]"}
{"code-call-identity":"","component":"","name-id":"","date":"2022-02-04 00:27:06.099","severity":"[ERROR]","class":" [dispatcherServlet]:[175]","message":"Servlet.service() for servlet [dispatcherServlet] in context with path [] threw exception [Request processing failed; nested exception is java.lang.NullPointerException] with root cause"}
{"code-call-identity":"","component":"","name-id":"","date":"2022-02-04 00:29:33.533","severity":"[WARN]","class":"          HikariPool:[787]","message":"mysql-operating-credit-pools - Thread starvation or clock leap detected (housekeeper delta=49s668ms93µs300ns)."}
{"code-call-identity":"","component":"","name-id":"","date":"2022-02-04 00:29:40.287","severity":"[ERROR]","class":"       RestConnector:[108]","message":"Exception RestConnector:[I/O error on POST request for \"https://localhost:8083/kardex-api/auth-kardex-hulk-store/v1.0.0/authentication-confirm/confirm\": Unsupported or unrecognized SSL message; nested exception is javax.net.ssl.SSLException: Unsupported or unrecognized SSL message]"}
{"code-call-identity":"","component":"","name-id":"","date":"2022-02-04 00:33:07.255","severity":"[WARN]","class":"          HikariPool:[787]","message":"mysql-operating-credit-pools - Thread starvation or clock leap detected (housekeeper delta=3m33s722ms410µs300ns)."}
{"code-call-identity":"","component":"","name-id":"","date":"2022-02-04 00:33:07.270","severity":"[ERROR]","class":" [dispatcherServlet]:[175]","message":"Servlet.service() for servlet [dispatcherServlet] in context with path [] threw exception [Request processing failed; nested exception is java.lang.NullPointerException] with root cause"}
{"code-call-identity":"","component":"","name-id":"","date":"2022-02-04 00:33:50.674","severity":"[INFO]","class":"ThreadPoolTaskExecutor:[218]","message":"Shutting down ExecutorService 'applicationTaskExecutor'"}
{"code-call-identity":"","component":"","name-id":"","date":"2022-02-04 00:33:50.683","severity":"[INFO]","class":"LocalContainerEntityManagerFactoryBean:[651]","message":"Closing JPA EntityManagerFactory for persistence unit 'mysql'"}
{"code-call-identity":"","component":"","name-id":"","date":"2022-02-04 00:33:50.725","severity":"[INFO]","class":"    HikariDataSource:[350]","message":"mysql-operating-credit-pools - Shutdown initiated..."}
{"code-call-identity":"","component":"","name-id":"","date":"2022-02-04 00:33:50.862","severity":"[INFO]","class":"    HikariDataSource:[352]","message":"mysql-operating-credit-pools - Shutdown completed."}
{"code-call-identity":"","component":"","name-id":"","date":"2022-02-04 00:35:22.873","severity":"[INFO]","class":"  ProductApplication:[55]","message":"Starting ProductApplication using Java 11.0.13 on Horus with PID 15928 (D:\\Horus - Datos\\Documentos\\Kardex - Prueba Uno Systems\\Backend\\Modules\\Products\\products-kardex-hulk-store\\target\\classes started by Horus in D:\\Horus - Datos\\Documentos\\Kardex - Prueba Uno Systems\\Backend\\Modules\\Products\\products-kardex-hulk-store)"}
{"code-call-identity":"","component":"","name-id":"","date":"2022-02-04 00:35:22.899","severity":"[INFO]","class":"  ProductApplication:[660]","message":"No active profile set, falling back to default profiles: default"}
{"code-call-identity":"","component":"","name-id":"","date":"2022-02-04 00:35:25.493","severity":"[INFO]","class":"RepositoryConfigurationDelegate:[128]","message":"Bootstrapping Spring Data JPA repositories in DEFAULT mode."}
{"code-call-identity":"","component":"","name-id":"","date":"2022-02-04 00:35:25.616","severity":"[INFO]","class":"RepositoryConfigurationDelegate:[188]","message":"Finished Spring Data repository scanning in 101 ms. Found 1 JPA repository interfaces."}
{"code-call-identity":"","component":"","name-id":"","date":"2022-02-04 00:35:28.082","severity":"[INFO]","class":"     TomcatWebServer:[108]","message":"Tomcat initialized with port(s): 8082 (http)"}
{"code-call-identity":"","component":"","name-id":"","date":"2022-02-04 00:35:28.109","severity":"[INFO]","class":"     StandardService:[173]","message":"Starting service [Tomcat]"}
{"code-call-identity":"","component":"","name-id":"","date":"2022-02-04 00:35:28.114","severity":"[INFO]","class":"      StandardEngine:[173]","message":"Starting Servlet engine: [Apache Tomcat/9.0.43]"}
{"code-call-identity":"","component":"","name-id":"","date":"2022-02-04 00:35:28.401","severity":"[INFO]","class":"                 [/]:[173]","message":"Initializing Spring embedded WebApplicationContext"}
{"code-call-identity":"","component":"","name-id":"","date":"2022-02-04 00:35:28.402","severity":"[INFO]","class":"ServletWebServerApplicationContext:[289]","message":"Root WebApplicationContext: initialization completed in 5294 ms"}
{"code-call-identity":"","component":"","name-id":"","date":"2022-02-04 00:35:28.614","severity":"[INFO]","class":"    HikariDataSource:[80]","message":"mysql-operating-credit-pools - Starting..."}
{"code-call-identity":"","component":"","name-id":"","date":"2022-02-04 00:35:29.078","severity":"[INFO]","class":"    HikariDataSource:[82]","message":"mysql-operating-credit-pools - Start completed."}
{"code-call-identity":"","component":"","name-id":"","date":"2022-02-04 00:35:29.386","severity":"[INFO]","class":"           LogHelper:[31]","message":"HHH000204: Processing PersistenceUnitInfo [name: mysql]"}
{"code-call-identity":"","component":"","name-id":"","date":"2022-02-04 00:35:29.525","severity":"[INFO]","class":"             Version:[44]","message":"HHH000412: Hibernate ORM core version 5.4.28.Final"}
{"code-call-identity":"","component":"","name-id":"","date":"2022-02-04 00:35:29.890","severity":"[INFO]","class":"             Version:[56]","message":"HCANN000001: Hibernate Commons Annotations {5.1.2.Final}"}
{"code-call-identity":"","component":"","name-id":"","date":"2022-02-04 00:35:30.367","severity":"[INFO]","class":"             Dialect:[175]","message":"HHH000400: Using dialect: org.hibernate.dialect.MySQL5InnoDBDialect"}
{"code-call-identity":"","component":"","name-id":"","date":"2022-02-04 00:35:31.888","severity":"[INFO]","class":"JtaPlatformInitiator:[52]","message":"HHH000490: Using JtaPlatform implementation: [org.hibernate.engine.transaction.jta.platform.internal.NoJtaPlatform]"}
{"code-call-identity":"","component":"","name-id":"","date":"2022-02-04 00:35:31.922","severity":"[INFO]","class":"LocalContainerEntityManagerFactoryBean:[437]","message":"Initialized JPA EntityManagerFactory for persistence unit 'mysql'"}
{"code-call-identity":"","component":"","name-id":"","date":"2022-02-04 00:35:34.319","severity":"[INFO]","class":"PropertySourcedRequestMappingHandlerMapping:[69]","message":"Mapped URL path [/v2/api-docs] onto method [springfox.documentation.swagger2.web.Swagger2Controller#getDocumentation(String, HttpServletRequest)]"}
{"code-call-identity":"","component":"","name-id":"","date":"2022-02-04 00:35:34.549","severity":"[INFO]","class":"ThreadPoolTaskExecutor:[181]","message":"Initializing ExecutorService 'applicationTaskExecutor'"}
{"code-call-identity":"","component":"","name-id":"","date":"2022-02-04 00:35:36.085","severity":"[INFO]","class":"     TomcatWebServer:[220]","message":"Tomcat started on port(s): 8082 (http) with context path ''"}
{"code-call-identity":"","component":"","name-id":"","date":"2022-02-04 00:35:36.087","severity":"[INFO]","class":"DocumentationPluginsBootstrapper:[160]","message":"Context refreshed"}
{"code-call-identity":"","component":"","name-id":"","date":"2022-02-04 00:35:36.124","severity":"[INFO]","class":"DocumentationPluginsBootstrapper:[163]","message":"Found 1 custom documentation plugin(s)"}
{"code-call-identity":"","component":"","name-id":"","date":"2022-02-04 00:35:36.170","severity":"[INFO]","class":"ApiListingReferenceScanner:[41]","message":"Scanning for api listing references"}
{"code-call-identity":"","component":"","name-id":"","date":"2022-02-04 00:35:36.457","severity":"[INFO]","class":"  ProductApplication:[30]","message":"------------------------------------------------"}
{"code-call-identity":"","component":"","name-id":"","date":"2022-02-04 00:35:36.458","severity":"[INFO]","class":"  ProductApplication:[31]","message":"products-kardex-hulk-store Aplicación iniciada"}
{"code-call-identity":"","component":"","name-id":"","date":"2022-02-04 00:35:36.460","severity":"[INFO]","class":"  ProductApplication:[32]","message":"Puerto: 8082"}
{"code-call-identity":"","component":"","name-id":"","date":"2022-02-04 00:35:36.461","severity":"[INFO]","class":"  ProductApplication:[33]","message":"Versión: v1.0.0"}
{"code-call-identity":"","component":"","name-id":"","date":"2022-02-04 00:35:36.462","severity":"[INFO]","class":"  ProductApplication:[34]","message":"Lanzamiento [OK]"}
{"code-call-identity":"","component":"","name-id":"","date":"2022-02-04 00:35:36.462","severity":"[INFO]","class":"  ProductApplication:[35]","message":"------------------------------------------------"}
{"code-call-identity":"","component":"","name-id":"","date":"2022-02-04 00:35:36.466","severity":"[INFO]","class":"  ProductApplication:[61]","message":"Started ProductApplication in 19.455 seconds (JVM running for 22.123)"}
{"code-call-identity":"","component":"","name-id":"","date":"2022-02-04 00:36:02.885","severity":"[INFO]","class":"                 [/]:[173]","message":"Initializing Spring DispatcherServlet 'dispatcherServlet'"}
{"code-call-identity":"","component":"","name-id":"","date":"2022-02-04 00:36:03.255","severity":"[INFO]","class":"   DispatcherServlet:[525]","message":"Initializing Servlet 'dispatcherServlet'"}
{"code-call-identity":"","component":"","name-id":"","date":"2022-02-04 00:36:03.260","severity":"[INFO]","class":"   DispatcherServlet:[547]","message":"Completed initialization in 4 ms"}
