{"code-call-identity":"","component":"","name-id":"","date":"2022-02-04 00:33:43.307","severity":"[INFO]","class":"ThreadPoolTaskExecutor:[218]","message":"Shutting down ExecutorService 'applicationTaskExecutor'"}
{"code-call-identity":"","component":"","name-id":"","date":"2022-02-04 00:33:43.342","severity":"[INFO]","class":"LocalContainerEntityManagerFactoryBean:[651]","message":"Closing JPA EntityManagerFactory for persistence unit 'mysql'"}
{"code-call-identity":"","component":"","name-id":"","date":"2022-02-04 00:33:43.394","severity":"[INFO]","class":"    HikariDataSource:[350]","message":"mysql-operating-credit-pools - Shutdown initiated..."}
{"code-call-identity":"","component":"","name-id":"","date":"2022-02-04 00:33:43.412","severity":"[INFO]","class":"    HikariDataSource:[352]","message":"mysql-operating-credit-pools - Shutdown completed."}
{"code-call-identity":"","component":"","name-id":"","date":"2022-02-04 00:35:16.230","severity":"[INFO]","class":"  ProductApplication:[55]","message":"Starting ProductApplication using Java 11.0.13 on Horus with PID 5840 (D:\\Horus - Datos\\Documentos\\Kardex - Prueba Uno Systems\\Backend\\Modules\\Shopping\\shopping-kardex-hulk-store\\target\\classes started by Horus in D:\\Horus - Datos\\Documentos\\Kardex - Prueba Uno Systems\\Backend\\Modules\\Shopping\\shopping-kardex-hulk-store)"}
{"code-call-identity":"","component":"","name-id":"","date":"2022-02-04 00:35:16.290","severity":"[INFO]","class":"  ProductApplication:[660]","message":"No active profile set, falling back to default profiles: default"}
{"code-call-identity":"","component":"","name-id":"","date":"2022-02-04 00:35:22.875","severity":"[INFO]","class":"RepositoryConfigurationDelegate:[128]","message":"Bootstrapping Spring Data JPA repositories in DEFAULT mode."}
{"code-call-identity":"","component":"","name-id":"","date":"2022-02-04 00:35:23.111","severity":"[INFO]","class":"RepositoryConfigurationDelegate:[188]","message":"Finished Spring Data repository scanning in 192 ms. Found 2 JPA repository interfaces."}
{"code-call-identity":"","component":"","name-id":"","date":"2022-02-04 00:35:25.883","severity":"[INFO]","class":"     TomcatWebServer:[108]","message":"Tomcat initialized with port(s): 8084 (http)"}
{"code-call-identity":"","component":"","name-id":"","date":"2022-02-04 00:35:25.915","severity":"[INFO]","class":"     StandardService:[173]","message":"Starting service [Tomcat]"}
{"code-call-identity":"","component":"","name-id":"","date":"2022-02-04 00:35:25.917","severity":"[INFO]","class":"      StandardEngine:[173]","message":"Starting Servlet engine: [Apache Tomcat/9.0.43]"}
{"code-call-identity":"","component":"","name-id":"","date":"2022-02-04 00:35:26.235","severity":"[INFO]","class":"                 [/]:[173]","message":"Initializing Spring embedded WebApplicationContext"}
{"code-call-identity":"","component":"","name-id":"","date":"2022-02-04 00:35:26.237","severity":"[INFO]","class":"ServletWebServerApplicationContext:[289]","message":"Root WebApplicationContext: initialization completed in 9652 ms"}
{"code-call-identity":"","component":"","name-id":"","date":"2022-02-04 00:35:26.428","severity":"[INFO]","class":"    HikariDataSource:[80]","message":"mysql-operating-credit-pools - Starting..."}
{"code-call-identity":"","component":"","name-id":"","date":"2022-02-04 00:35:26.958","severity":"[INFO]","class":"    HikariDataSource:[82]","message":"mysql-operating-credit-pools - Start completed."}
{"code-call-identity":"","component":"","name-id":"","date":"2022-02-04 00:35:27.298","severity":"[INFO]","class":"           LogHelper:[31]","message":"HHH000204: Processing PersistenceUnitInfo [name: mysql]"}
{"code-call-identity":"","component":"","name-id":"","date":"2022-02-04 00:35:27.541","severity":"[INFO]","class":"             Version:[44]","message":"HHH000412: Hibernate ORM core version 5.4.28.Final"}
{"code-call-identity":"","component":"","name-id":"","date":"2022-02-04 00:35:28.145","severity":"[INFO]","class":"             Version:[56]","message":"HCANN000001: Hibernate Commons Annotations {5.1.2.Final}"}
{"code-call-identity":"","component":"","name-id":"","date":"2022-02-04 00:35:28.791","severity":"[INFO]","class":"             Dialect:[175]","message":"HHH000400: Using dialect: org.hibernate.dialect.MySQL5InnoDBDialect"}
{"code-call-identity":"","component":"","name-id":"","date":"2022-02-04 00:35:30.711","severity":"[INFO]","class":"JtaPlatformInitiator:[52]","message":"HHH000490: Using JtaPlatform implementation: [org.hibernate.engine.transaction.jta.platform.internal.NoJtaPlatform]"}
{"code-call-identity":"","component":"","name-id":"","date":"2022-02-04 00:35:30.739","severity":"[INFO]","class":"LocalContainerEntityManagerFactoryBean:[437]","message":"Initialized JPA EntityManagerFactory for persistence unit 'mysql'"}
{"code-call-identity":"","component":"","name-id":"","date":"2022-02-04 00:35:32.720","severity":"[INFO]","class":"PropertySourcedRequestMappingHandlerMapping:[69]","message":"Mapped URL path [/v2/api-docs] onto method [springfox.documentation.swagger2.web.Swagger2Controller#getDocumentation(String, HttpServletRequest)]"}
{"code-call-identity":"","component":"","name-id":"","date":"2022-02-04 00:35:32.944","severity":"[INFO]","class":"ThreadPoolTaskExecutor:[181]","message":"Initializing ExecutorService 'applicationTaskExecutor'"}
{"code-call-identity":"","component":"","name-id":"","date":"2022-02-04 00:35:34.375","severity":"[INFO]","class":"     TomcatWebServer:[220]","message":"Tomcat started on port(s): 8084 (http) with context path ''"}
{"code-call-identity":"","component":"","name-id":"","date":"2022-02-04 00:35:34.377","severity":"[INFO]","class":"DocumentationPluginsBootstrapper:[160]","message":"Context refreshed"}
{"code-call-identity":"","component":"","name-id":"","date":"2022-02-04 00:35:34.433","severity":"[INFO]","class":"DocumentationPluginsBootstrapper:[163]","message":"Found 1 custom documentation plugin(s)"}
{"code-call-identity":"","component":"","name-id":"","date":"2022-02-04 00:35:34.525","severity":"[INFO]","class":"ApiListingReferenceScanner:[41]","message":"Scanning for api listing references"}
{"code-call-identity":"","component":"","name-id":"","date":"2022-02-04 00:35:35.273","severity":"[INFO]","class":"  ProductApplication:[28]","message":"------------------------------------------------"}
{"code-call-identity":"","component":"","name-id":"","date":"2022-02-04 00:35:35.274","severity":"[INFO]","class":"  ProductApplication:[29]","message":"shopping-kardex-hulk-store Aplicación iniciada"}
{"code-call-identity":"","component":"","name-id":"","date":"2022-02-04 00:35:35.275","severity":"[INFO]","class":"  ProductApplication:[30]","message":"Puerto: 8083"}
{"code-call-identity":"","component":"","name-id":"","date":"2022-02-04 00:35:35.276","severity":"[INFO]","class":"  ProductApplication:[31]","message":"Versión: v1.0.0"}
{"code-call-identity":"","component":"","name-id":"","date":"2022-02-04 00:35:35.286","severity":"[INFO]","class":"  ProductApplication:[32]","message":"Lanzamiento [OK]"}
{"code-call-identity":"","component":"","name-id":"","date":"2022-02-04 00:35:35.299","severity":"[INFO]","class":"  ProductApplication:[33]","message":"------------------------------------------------"}
{"code-call-identity":"","component":"","name-id":"","date":"2022-02-04 00:35:35.402","severity":"[INFO]","class":"  ProductApplication:[61]","message":"Started ProductApplication in 23.22 seconds (JVM running for 25.59)"}
{"code-call-identity":"","component":"","name-id":"","date":"2022-02-04 01:31:12.871","severity":"[INFO]","class":"                 [/]:[173]","message":"Initializing Spring DispatcherServlet 'dispatcherServlet'"}
{"code-call-identity":"","component":"","name-id":"","date":"2022-02-04 01:31:13.429","severity":"[INFO]","class":"   DispatcherServlet:[525]","message":"Initializing Servlet 'dispatcherServlet'"}
{"code-call-identity":"","component":"","name-id":"","date":"2022-02-04 01:31:13.496","severity":"[INFO]","class":"   DispatcherServlet:[547]","message":"Completed initialization in 66 ms"}
{"code-call-identity":"","component":"","name-id":"","date":"2022-02-04 01:31:15.364","severity":"[INFO]","class":"AbstractOpenApiResource:[301]","message":"Init duration for springdoc-openapi is: 1098 ms"}
